[2026-02-22 05:15:20] [INFO] 日志文件路径: /root/GDN-Demo0222/logs/swat_02-22-05-15-20.log
[2026-02-22 05:15:20] [INFO] ===== 实验开始 =====
[2026-02-22 05:15:20] [INFO] 数据集: swat | 设备: cuda
[2026-02-22 05:15:20] [INFO] train_config: {'batch': 64, 'epoch': 30, 'slide_win': 15, 'slide_stride': 1, 'val_ratio': 0.2, 'seed': 5, 'lr': 0.001, 'decay': 0.0, 'c': 16, 'z_dim': 4, 'emb_dim': 10, 'gat_out_dim': 32, 'gat_heads': 2, 'topk': 5, 'rho': 0.05, 'dropout': 0.1, 'lambda_forecast': 0.5, 'beta': 0.01, 'score_lambda': 0.8, 'recon_target_mode': 'input', 'log_interval': 100}
[2026-02-22 05:15:20] [INFO] env_config: {'save_path': 'topofusagnet', 'dataset': 'swat', 'device': 'cuda', 'load_model_path': ''}
[2026-02-22 05:15:22] [INFO] [Train][Epoch 1/30][Step 100] total=0.220362 fore=0.184222 recon=0.226163 kl=1.516936
[2026-02-22 05:15:24] [INFO] [Train][Epoch 1/30][Step 200] total=0.160895 fore=0.146498 recon=0.144381 kl=1.545548
[2026-02-22 05:15:25] [INFO] [Train][Epoch 1/30][Step 300] total=0.123958 fore=0.115092 recon=0.101790 kl=1.551683
[2026-02-22 05:15:27] [INFO] [Train][Epoch 1/30][Step 400] total=0.101767 fore=0.094822 recon=0.077892 kl=1.541036
[2026-02-22 05:15:28] [INFO] [Train][Epoch 1/30][Step 500] total=0.087382 fore=0.081212 recon=0.063177 kl=1.518701
[2026-02-22 05:15:30] [INFO] [Train][Epoch 1/30][Step 600] total=0.077052 fore=0.071100 recon=0.053270 kl=1.486744
[2026-02-22 05:15:31] [INFO] 最佳模型已保存: ./pretrained/topofusagnet/best_02-22-05-15-20.pt (val_total=0.019504)
[2026-02-22 05:15:31] [INFO] [Epoch 1/30] Train(total=0.075404, fore=0.069469, recon=0.051749, kl=1.479520) | Val(total=0.019504, fore=0.010738, recon=0.003431, kl=1.241975)
[2026-02-22 05:15:32] [INFO] [Train][Epoch 2/30][Step 100] total=0.022982 fore=0.019085 recon=0.003686 kl=1.159583
[2026-02-22 05:15:34] [INFO] [Train][Epoch 2/30][Step 200] total=0.021888 fore=0.018908 recon=0.003587 kl=1.064026
[2026-02-22 05:15:35] [INFO] [Train][Epoch 2/30][Step 300] total=0.020161 fore=0.017851 recon=0.003461 kl=0.950492
[2026-02-22 05:15:37] [INFO] [Train][Epoch 2/30][Step 400] total=0.018600 fore=0.017214 recon=0.003385 kl=0.830004
[2026-02-22 05:15:38] [INFO] [Train][Epoch 2/30][Step 500] total=0.017017 fore=0.016397 recon=0.003345 kl=0.714635
[2026-02-22 05:15:40] [INFO] [Train][Epoch 2/30][Step 600] total=0.015895 fore=0.016131 recon=0.003322 kl=0.616926
[2026-02-22 05:15:41] [INFO] 最佳模型已保存: ./pretrained/topofusagnet/best_02-22-05-15-20.pt (val_total=0.006914)
[2026-02-22 05:15:41] [INFO] [Epoch 2/30] Train(total=0.015724, fore=0.016117, recon=0.003318, kl=0.600658) | Val(total=0.006914, fore=0.009309, recon=0.002915, kl=0.080269)
[2026-02-22 05:15:42] [INFO] [Train][Epoch 3/30][Step 100] total=0.009382 fore=0.014232 recon=0.003248 kl=0.064160
[2026-02-22 05:15:44] [INFO] [Train][Epoch 3/30][Step 200] total=0.008751 fore=0.013355 recon=0.003104 kl=0.052072
[2026-02-22 05:15:45] [INFO] [Train][Epoch 3/30][Step 300] total=0.008393 fore=0.012819 recon=0.003095 kl=0.043530
[2026-02-22 05:15:47] [INFO] [Train][Epoch 3/30][Step 400] total=0.008070 fore=0.012317 recon=0.003081 kl=0.037127
[2026-02-22 05:15:48] [INFO] [Train][Epoch 3/30][Step 500] total=0.007848 fore=0.011953 recon=0.003095 kl=0.032351
[2026-02-22 05:15:49] [INFO] [Train][Epoch 3/30][Step 600] total=0.007685 fore=0.011717 recon=0.003080 kl=0.028646
[2026-02-22 05:15:51] [INFO] 最佳模型已保存: ./pretrained/topofusagnet/best_02-22-05-15-20.pt (val_total=0.005903)
[2026-02-22 05:15:51] [INFO] [Epoch 3/30] Train(total=0.007655, fore=0.011675, recon=0.003074, kl=0.028025) | Val(total=0.005903, fore=0.008779, recon=0.002867, kl=0.008050)
[2026-02-22 05:15:52] [INFO] [Train][Epoch 4/30][Step 100] total=0.006390 fore=0.009720 recon=0.002912 kl=0.007333
[2026-02-22 05:15:54] [INFO] [Train][Epoch 4/30][Step 200] total=0.007957 fore=0.012813 recon=0.002960 kl=0.007081
[2026-02-22 05:15:55] [INFO] [Train][Epoch 4/30][Step 300] total=0.007928 fore=0.012711 recon=0.003011 kl=0.006663
[2026-02-22 05:15:57] [INFO] [Train][Epoch 4/30][Step 400] total=0.007784 fore=0.012448 recon=0.002998 kl=0.006081
[2026-02-22 05:15:58] [INFO] [Train][Epoch 4/30][Step 500] total=0.007730 fore=0.012341 recon=0.003007 kl=0.005605
[2026-02-22 05:16:00] [INFO] [Train][Epoch 4/30][Step 600] total=0.007692 fore=0.012263 recon=0.003016 kl=0.005250
[2026-02-22 05:16:01] [INFO] 最佳模型已保存: ./pretrained/topofusagnet/best_02-22-05-15-20.pt (val_total=0.005549)
[2026-02-22 05:16:01] [INFO] [Epoch 4/30] Train(total=0.007672, fore=0.012222, recon=0.003018, kl=0.005177) | Val(total=0.005549, fore=0.008273, recon=0.002770, kl=0.002765)
[2026-02-22 05:16:02] [INFO] [Train][Epoch 5/30][Step 100] total=0.007324 fore=0.011620 recon=0.002977 kl=0.002570
[2026-02-22 05:16:04] [INFO] [Train][Epoch 5/30][Step 200] total=0.006908 fore=0.010749 recon=0.003020 kl=0.002367
[2026-02-22 05:16:05] [INFO] [Train][Epoch 5/30][Step 300] total=0.006665 fore=0.010332 recon=0.002954 kl=0.002211
[2026-02-22 05:16:07] [INFO] [Train][Epoch 5/30][Step 400] total=0.006744 fore=0.010513 recon=0.002934 kl=0.002043
[2026-02-22 05:16:08] [INFO] [Train][Epoch 5/30][Step 500] total=0.006788 fore=0.010627 recon=0.002909 kl=0.001932
[2026-02-22 05:16:10] [INFO] [Train][Epoch 5/30][Step 600] total=0.006962 fore=0.010968 recon=0.002920 kl=0.001803
[2026-02-22 05:16:11] [INFO] [Epoch 5/30] Train(total=0.006942, fore=0.010930, recon=0.002918, kl=0.001780) | Val(total=0.005637, fore=0.008569, recon=0.002680, kl=0.001261)
[2026-02-22 05:16:12] [INFO] [Train][Epoch 6/30][Step 100] total=0.006029 fore=0.009191 recon=0.002846 kl=0.001091
[2026-02-22 05:16:14] [INFO] [Train][Epoch 6/30][Step 200] total=0.006146 fore=0.009445 recon=0.002825 kl=0.001103
[2026-02-22 05:16:15] [INFO] [Train][Epoch 6/30][Step 300] total=0.006065 fore=0.009246 recon=0.002863 kl=0.001080
[2026-02-22 05:16:17] [INFO] [Train][Epoch 6/30][Step 400] total=0.005954 fore=0.009035 recon=0.002852 kl=0.001056
[2026-02-22 05:16:18] [INFO] [Train][Epoch 6/30][Step 500] total=0.005954 fore=0.009068 recon=0.002819 kl=0.001059
[2026-02-22 05:16:20] [INFO] [Train][Epoch 6/30][Step 600] total=0.005845 fore=0.008869 recon=0.002800 kl=0.001090
[2026-02-22 05:16:21] [INFO] [Epoch 6/30] Train(total=0.005824, fore=0.008827, recon=0.002800, kl=0.001096) | Val(total=0.006443, fore=0.010305, recon=0.002547, kl=0.001641)
[2026-02-22 05:16:22] [INFO] [Train][Epoch 7/30][Step 100] total=0.004826 fore=0.007042 recon=0.002585 kl=0.001254
[2026-02-22 05:16:24] [INFO] [Train][Epoch 7/30][Step 200] total=0.004890 fore=0.007104 recon=0.002653 kl=0.001167
[2026-02-22 05:16:25] [INFO] [Train][Epoch 7/30][Step 300] total=0.004890 fore=0.007137 recon=0.002621 kl=0.001154
[2026-02-22 05:16:27] [INFO] [Train][Epoch 7/30][Step 400] total=0.005133 fore=0.007640 recon=0.002605 kl=0.001077
[2026-02-22 05:16:28] [INFO] [Train][Epoch 7/30][Step 500] total=0.005264 fore=0.007921 recon=0.002587 kl=0.001011
[2026-02-22 05:16:30] [INFO] [Train][Epoch 7/30][Step 600] total=0.005277 fore=0.007961 recon=0.002575 kl=0.000957
[2026-02-22 05:16:31] [INFO] 最佳模型已保存: ./pretrained/topofusagnet/best_02-22-05-15-20.pt (val_total=0.004963)
[2026-02-22 05:16:31] [INFO] [Epoch 7/30] Train(total=0.005296, fore=0.007990, recon=0.002583, kl=0.000950) | Val(total=0.004963, fore=0.007630, recon=0.002275, kl=0.000973)
[2026-02-22 05:16:32] [INFO] [Train][Epoch 8/30][Step 100] total=0.006711 fore=0.010845 recon=0.002562 kl=0.000738
[2026-02-22 05:16:34] [INFO] [Train][Epoch 8/30][Step 200] total=0.006760 fore=0.011038 recon=0.002466 kl=0.000747
[2026-02-22 05:16:35] [INFO] [Train][Epoch 8/30][Step 300] total=0.006315 fore=0.010236 recon=0.002380 kl=0.000700
[2026-02-22 05:16:37] [INFO] [Train][Epoch 8/30][Step 400] total=0.006281 fore=0.010226 recon=0.002323 kl=0.000669
[2026-02-22 05:16:38] [INFO] [Train][Epoch 8/30][Step 500] total=0.006224 fore=0.010138 recon=0.002297 kl=0.000663
[2026-02-22 05:16:39] [INFO] [Train][Epoch 8/30][Step 600] total=0.006092 fore=0.009895 recon=0.002276 kl=0.000632
[2026-02-22 05:16:41] [INFO] [Epoch 8/30] Train(total=0.006067, fore=0.009858, recon=0.002263, kl=0.000634) | Val(total=0.005323, fore=0.008692, recon=0.001937, kl=0.000825)
[2026-02-22 05:16:42] [INFO] [Train][Epoch 9/30][Step 100] total=0.005314 fore=0.008618 recon=0.001999 kl=0.000588
[2026-02-22 05:16:44] [INFO] [Train][Epoch 9/30][Step 200] total=0.005277 fore=0.008536 recon=0.002006 kl=0.000565
[2026-02-22 05:16:45] [INFO] [Train][Epoch 9/30][Step 300] total=0.005485 fore=0.008957 recon=0.002001 kl=0.000613
[2026-02-22 05:16:47] [INFO] [Train][Epoch 9/30][Step 400] total=0.005995 fore=0.010002 recon=0.001976 kl=0.000626
[2026-02-22 05:16:48] [INFO] [Train][Epoch 9/30][Step 500] total=0.005865 fore=0.009753 recon=0.001963 kl=0.000689
[2026-02-22 05:16:49] [INFO] [Train][Epoch 9/30][Step 600] total=0.005765 fore=0.009563 recon=0.001953 kl=0.000718
[2026-02-22 05:16:51] [INFO] [Epoch 9/30] Train(total=0.005773, fore=0.009585, recon=0.001946, kl=0.000725) | Val(total=0.006195, fore=0.010649, recon=0.001718, kl=0.001170)
[2026-02-22 05:16:52] [INFO] [Train][Epoch 10/30][Step 100] total=0.004284 fore=0.006776 recon=0.001775 kl=0.000832
[2026-02-22 05:16:54] [INFO] [Train][Epoch 10/30][Step 200] total=0.004224 fore=0.006632 recon=0.001801 kl=0.000757
[2026-02-22 05:16:55] [INFO] [Train][Epoch 10/30][Step 300] total=0.004460 fore=0.007112 recon=0.001792 kl=0.000736
[2026-02-22 05:16:57] [INFO] [Train][Epoch 10/30][Step 400] total=0.004407 fore=0.007035 recon=0.001765 kl=0.000685
[2026-02-22 05:16:58] [INFO] [Train][Epoch 10/30][Step 500] total=0.004317 fore=0.006862 recon=0.001760 kl=0.000628
[2026-02-22 05:16:59] [INFO] [Train][Epoch 10/30][Step 600] total=0.004169 fore=0.006576 recon=0.001751 kl=0.000573
[2026-02-22 05:17:01] [INFO] 最佳模型已保存: ./pretrained/topofusagnet/best_02-22-05-15-20.pt (val_total=0.003869)
[2026-02-22 05:17:01] [INFO] [Epoch 10/30] Train(total=0.004142, fore=0.006525, recon=0.001747, kl=0.000564) | Val(total=0.003869, fore=0.006150, recon=0.001576, kl=0.000558)
[2026-02-22 05:17:02] [INFO] [Train][Epoch 11/30][Step 100] total=0.003354 fore=0.004996 recon=0.001707 kl=0.000268
[2026-02-22 05:17:04] [INFO] [Train][Epoch 11/30][Step 200] total=0.003296 fore=0.004917 recon=0.001670 kl=0.000264
[2026-02-22 05:17:05] [INFO] [Train][Epoch 11/30][Step 300] total=0.003214 fore=0.004772 recon=0.001651 kl=0.000247
[2026-02-22 05:17:06] [INFO] [Train][Epoch 11/30][Step 400] total=0.003211 fore=0.004771 recon=0.001646 kl=0.000220
[2026-02-22 05:17:08] [INFO] [Train][Epoch 11/30][Step 500] total=0.003190 fore=0.004726 recon=0.001650 kl=0.000197
[2026-02-22 05:17:09] [INFO] [Train][Epoch 11/30][Step 600] total=0.003181 fore=0.004720 recon=0.001639 kl=0.000181
[2026-02-22 05:17:11] [INFO] [Epoch 11/30] Train(total=0.003174, fore=0.004704, recon=0.001640, kl=0.000177) | Val(total=0.004807, fore=0.008102, recon=0.001504, kl=0.000347)
[2026-02-22 05:17:12] [INFO] [Train][Epoch 12/30][Step 100] total=0.003002 fore=0.004394 recon=0.001609 kl=0.000064
[2026-02-22 05:17:14] [INFO] [Train][Epoch 12/30][Step 200] total=0.003137 fore=0.004666 recon=0.001605 kl=0.000075
[2026-02-22 05:17:15] [INFO] [Train][Epoch 12/30][Step 300] total=0.003143 fore=0.004697 recon=0.001588 kl=0.000081
[2026-02-22 05:17:16] [INFO] [Train][Epoch 12/30][Step 400] total=0.003194 fore=0.004789 recon=0.001598 kl=0.000082
[2026-02-22 05:17:18] [INFO] [Train][Epoch 12/30][Step 500] total=0.003220 fore=0.004846 recon=0.001592 kl=0.000075
[2026-02-22 05:17:19] [INFO] [Train][Epoch 12/30][Step 600] total=0.003186 fore=0.004779 recon=0.001592 kl=0.000069
[2026-02-22 05:17:21] [INFO] [Epoch 12/30] Train(total=0.003177, fore=0.004760, recon=0.001593, kl=0.000068) | Val(total=0.004677, fore=0.007850, recon=0.001498, kl=0.000297)
[2026-02-22 05:17:22] [INFO] [Train][Epoch 13/30][Step 100] total=0.003157 fore=0.004697 recon=0.001616 kl=0.000060
[2026-02-22 05:17:24] [INFO] [Train][Epoch 13/30][Step 200] total=0.002972 fore=0.004338 recon=0.001604 kl=0.000066
[2026-02-22 05:17:25] [INFO] [Train][Epoch 13/30][Step 300] total=0.003013 fore=0.004429 recon=0.001596 kl=0.000057
[2026-02-22 05:17:26] [INFO] [Train][Epoch 13/30][Step 400] total=0.003013 fore=0.004451 recon=0.001573 kl=0.000050
[2026-02-22 05:17:28] [INFO] [Train][Epoch 13/30][Step 500] total=0.003020 fore=0.004464 recon=0.001576 kl=0.000045
[2026-02-22 05:17:29] [INFO] [Train][Epoch 13/30][Step 600] total=0.002995 fore=0.004414 recon=0.001574 kl=0.000044
[2026-02-22 05:17:31] [INFO] [Epoch 13/30] Train(total=0.003010, fore=0.004447, recon=0.001572, kl=0.000044) | Val(total=0.010463, fore=0.019444, recon=0.001476, kl=0.000314)
[2026-02-22 05:17:32] [INFO] [Train][Epoch 14/30][Step 100] total=0.004348 fore=0.007086 recon=0.001610 kl=0.000069
[2026-02-22 05:17:34] [INFO] [Train][Epoch 14/30][Step 200] total=0.004815 fore=0.008019 recon=0.001606 kl=0.000254
[2026-02-22 05:17:35] [INFO] [Train][Epoch 14/30][Step 300] total=0.004470 fore=0.007339 recon=0.001595 kl=0.000370
[2026-02-22 05:17:36] [INFO] [Train][Epoch 14/30][Step 400] total=0.004177 fore=0.006757 recon=0.001589 kl=0.000348
[2026-02-22 05:17:38] [INFO] [Train][Epoch 14/30][Step 500] total=0.004229 fore=0.006847 recon=0.001604 kl=0.000305
[2026-02-22 05:17:39] [INFO] [Train][Epoch 14/30][Step 600] total=0.004085 fore=0.006563 recon=0.001601 kl=0.000281
[2026-02-22 05:17:41] [INFO] [Epoch 14/30] Train(total=0.004072, fore=0.006538, recon=0.001600, kl=0.000277) | Val(total=0.006163, fore=0.010662, recon=0.001655, kl=0.000460)
[2026-02-22 05:17:42] [INFO] [Train][Epoch 15/30][Step 100] total=0.003755 fore=0.005930 recon=0.001576 kl=0.000171
[2026-02-22 05:17:43] [INFO] [Train][Epoch 15/30][Step 200] total=0.003329 fore=0.005134 recon=0.001520 kl=0.000140
[2026-02-22 05:17:45] [INFO] [Train][Epoch 15/30][Step 300] total=0.003203 fore=0.004859 recon=0.001544 kl=0.000120
[2026-02-22 05:17:46] [INFO] [Train][Epoch 15/30][Step 400] total=0.003147 fore=0.004734 recon=0.001559 kl=0.000099
[2026-02-22 05:17:48] [INFO] [Train][Epoch 15/30][Step 500] total=0.003088 fore=0.004602 recon=0.001571 kl=0.000086
[2026-02-22 05:17:49] [INFO] [Train][Epoch 15/30][Step 600] total=0.003030 fore=0.004488 recon=0.001571 kl=0.000076
[2026-02-22 05:17:50] [INFO] [Epoch 15/30] Train(total=0.003047, fore=0.004524, recon=0.001569, kl=0.000075) | Val(total=0.005861, fore=0.010237, recon=0.001478, kl=0.000351)
[2026-02-22 05:17:52] [INFO] [Train][Epoch 16/30][Step 100] total=0.002775 fore=0.003958 recon=0.001591 kl=0.000045
[2026-02-22 05:17:53] [INFO] [Train][Epoch 16/30][Step 200] total=0.002710 fore=0.003886 recon=0.001533 kl=0.000033
[2026-02-22 05:17:55] [INFO] [Train][Epoch 16/30][Step 300] total=0.002728 fore=0.003897 recon=0.001559 kl=0.000030
[2026-02-22 05:17:56] [INFO] [Train][Epoch 16/30][Step 400] total=0.002710 fore=0.003846 recon=0.001573 kl=0.000028
[2026-02-22 05:17:58] [INFO] [Train][Epoch 16/30][Step 500] total=0.002663 fore=0.003763 recon=0.001562 kl=0.000025
[2026-02-22 05:17:59] [INFO] [Train][Epoch 16/30][Step 600] total=0.002761 fore=0.003956 recon=0.001565 kl=0.000032
[2026-02-22 05:18:00] [INFO] [Epoch 16/30] Train(total=0.002759, fore=0.003951, recon=0.001567, kl=0.000032) | Val(total=0.005518, fore=0.009529, recon=0.001501, kl=0.000302)
[2026-02-22 05:18:02] [INFO] [Train][Epoch 17/30][Step 100] total=0.002912 fore=0.004270 recon=0.001553 kl=0.000073
[2026-02-22 05:18:03] [INFO] [Train][Epoch 17/30][Step 200] total=0.002875 fore=0.004179 recon=0.001570 kl=0.000057
[2026-02-22 05:18:05] [INFO] [Train][Epoch 17/30][Step 300] total=0.002937 fore=0.004302 recon=0.001570 kl=0.000043
[2026-02-22 05:18:06] [INFO] [Train][Epoch 17/30][Step 400] total=0.003112 fore=0.004637 recon=0.001587 kl=0.000040
[2026-02-22 05:18:08] [INFO] [Train][Epoch 17/30][Step 500] total=0.003333 fore=0.005092 recon=0.001572 kl=0.000056
[2026-02-22 05:18:09] [INFO] [Train][Epoch 17/30][Step 600] total=0.003296 fore=0.005021 recon=0.001571 kl=0.000050
[2026-02-22 05:18:10] [INFO] 最佳模型已保存: ./pretrained/topofusagnet/best_02-22-05-15-20.pt (val_total=0.002990)
[2026-02-22 05:18:10] [INFO] [Epoch 17/30] Train(total=0.003297, fore=0.005014, recon=0.001579, kl=0.000049) | Val(total=0.002990, fore=0.004498, recon=0.001476, kl=0.000288)
[2026-02-22 05:18:12] [INFO] [Train][Epoch 18/30][Step 100] total=0.002873 fore=0.004195 recon=0.001551 kl=0.000023
[2026-02-22 05:18:13] [INFO] [Train][Epoch 18/30][Step 200] total=0.002800 fore=0.004076 recon=0.001524 kl=0.000030
[2026-02-22 05:18:15] [INFO] [Train][Epoch 18/30][Step 300] total=0.002943 fore=0.004326 recon=0.001559 kl=0.000033
[2026-02-22 05:18:16] [INFO] [Train][Epoch 18/30][Step 400] total=0.003092 fore=0.004614 recon=0.001569 kl=0.000045
[2026-02-22 05:18:18] [INFO] [Train][Epoch 18/30][Step 500] total=0.003115 fore=0.004658 recon=0.001572 kl=0.000041
[2026-02-22 05:18:19] [INFO] [Train][Epoch 18/30][Step 600] total=0.003210 fore=0.004848 recon=0.001570 kl=0.000038
[2026-02-22 05:18:20] [INFO] [Epoch 18/30] Train(total=0.003197, fore=0.004827, recon=0.001566, kl=0.000037) | Val(total=0.003120, fore=0.004768, recon=0.001465, kl=0.000310)
[2026-02-22 05:18:22] [INFO] [Train][Epoch 19/30][Step 100] total=0.003019 fore=0.004439 recon=0.001599 kl=0.000034
[2026-02-22 05:18:23] [INFO] [Train][Epoch 19/30][Step 200] total=0.003046 fore=0.004537 recon=0.001555 kl=0.000041
[2026-02-22 05:18:25] [INFO] [Train][Epoch 19/30][Step 300] total=0.003321 fore=0.005043 recon=0.001598 kl=0.000038
[2026-02-22 05:18:26] [INFO] [Train][Epoch 19/30][Step 400] total=0.003192 fore=0.004808 recon=0.001576 kl=0.000034
[2026-02-22 05:18:28] [INFO] [Train][Epoch 19/30][Step 500] total=0.003139 fore=0.004694 recon=0.001584 kl=0.000032
[2026-02-22 05:18:29] [INFO] [Train][Epoch 19/30][Step 600] total=0.003093 fore=0.004606 recon=0.001579 kl=0.000032
[2026-02-22 05:18:31] [INFO] [Epoch 19/30] Train(total=0.003074, fore=0.004569, recon=0.001577, kl=0.000032) | Val(total=0.004196, fore=0.006921, recon=0.001465, kl=0.000300)
[2026-02-22 05:18:32] [INFO] [Train][Epoch 20/30][Step 100] total=0.002974 fore=0.004372 recon=0.001576 kl=0.000018
[2026-02-22 05:18:33] [INFO] [Train][Epoch 20/30][Step 200] total=0.003002 fore=0.004433 recon=0.001570 kl=0.000023
[2026-02-22 05:18:35] [INFO] [Train][Epoch 20/30][Step 300] total=0.002938 fore=0.004332 recon=0.001543 kl=0.000027
[2026-02-22 05:18:36] [INFO] [Train][Epoch 20/30][Step 400] total=0.002873 fore=0.004182 recon=0.001562 kl=0.000054
[2026-02-22 05:18:38] [INFO] [Train][Epoch 20/30][Step 500] total=0.002847 fore=0.004129 recon=0.001564 kl=0.000055
[2026-02-22 05:18:39] [INFO] [Train][Epoch 20/30][Step 600] total=0.002850 fore=0.004138 recon=0.001562 kl=0.000049
[2026-02-22 05:18:40] [INFO] [Epoch 20/30] Train(total=0.002842, fore=0.004121, recon=0.001562, kl=0.000048) | Val(total=0.003798, fore=0.006126, recon=0.001463, kl=0.000319)
[2026-02-22 05:18:42] [INFO] [Train][Epoch 21/30][Step 100] total=0.002661 fore=0.003768 recon=0.001553 kl=0.000026
[2026-02-22 05:18:43] [INFO] [Train][Epoch 21/30][Step 200] total=0.002597 fore=0.003659 recon=0.001536 kl=0.000027
[2026-02-22 05:18:45] [INFO] [Train][Epoch 21/30][Step 300] total=0.002719 fore=0.003877 recon=0.001558 kl=0.000076
[2026-02-22 05:18:46] [INFO] [Train][Epoch 21/30][Step 400] total=0.002693 fore=0.003839 recon=0.001546 kl=0.000083
[2026-02-22 05:18:48] [INFO] [Train][Epoch 21/30][Step 500] total=0.002669 fore=0.003776 recon=0.001560 kl=0.000072
[2026-02-22 05:18:49] [INFO] [Train][Epoch 21/30][Step 600] total=0.002652 fore=0.003738 recon=0.001564 kl=0.000063
[2026-02-22 05:18:50] [INFO] [Epoch 21/30] Train(total=0.002670, fore=0.003773, recon=0.001565, kl=0.000062) | Val(total=0.005016, fore=0.008505, recon=0.001521, kl=0.000320)
[2026-02-22 05:18:52] [INFO] [Train][Epoch 22/30][Step 100] total=0.002941 fore=0.004203 recon=0.001678 kl=0.000048
[2026-02-22 05:18:53] [INFO] [Train][Epoch 22/30][Step 200] total=0.002841 fore=0.004090 recon=0.001591 kl=0.000041
[2026-02-22 05:18:55] [INFO] [Train][Epoch 22/30][Step 300] total=0.003180 fore=0.004750 recon=0.001608 kl=0.000082
[2026-02-22 05:18:56] [INFO] [Train][Epoch 22/30][Step 400] total=0.003061 fore=0.004532 recon=0.001587 kl=0.000105
[2026-02-22 05:18:58] [INFO] [Train][Epoch 22/30][Step 500] total=0.002935 fore=0.004291 recon=0.001578 kl=0.000100
[2026-02-22 05:18:59] [INFO] [Train][Epoch 22/30][Step 600] total=0.002859 fore=0.004143 recon=0.001573 kl=0.000090
[2026-02-22 05:19:00] [INFO] [Epoch 22/30] Train(total=0.002842, fore=0.004112, recon=0.001570, kl=0.000088) | Val(total=0.003741, fore=0.006016, recon=0.001460, kl=0.000289)
[2026-02-22 05:19:02] [INFO] [Train][Epoch 23/30][Step 100] total=0.002469 fore=0.003393 recon=0.001544 kl=0.000035
[2026-02-22 05:19:03] [INFO] [Train][Epoch 23/30][Step 200] total=0.002548 fore=0.003529 recon=0.001566 kl=0.000030
[2026-02-22 05:19:05] [INFO] [Train][Epoch 23/30][Step 300] total=0.002552 fore=0.003530 recon=0.001572 kl=0.000027
[2026-02-22 05:19:06] [INFO] [Train][Epoch 23/30][Step 400] total=0.002536 fore=0.003508 recon=0.001563 kl=0.000024
[2026-02-22 05:19:08] [INFO] [Train][Epoch 23/30][Step 500] total=0.002507 fore=0.003455 recon=0.001559 kl=0.000022
[2026-02-22 05:19:09] [INFO] [Train][Epoch 23/30][Step 600] total=0.002569 fore=0.003561 recon=0.001576 kl=0.000023
[2026-02-22 05:19:10] [INFO] [Epoch 23/30] Train(total=0.002571, fore=0.003571, recon=0.001571, kl=0.000022) | Val(total=0.003807, fore=0.006131, recon=0.001476, kl=0.000316)
[2026-02-22 05:19:12] [INFO] [Train][Epoch 24/30][Step 100] total=0.002691 fore=0.003799 recon=0.001583 kl=0.000024
[2026-02-22 05:19:13] [INFO] [Train][Epoch 24/30][Step 200] total=0.002980 fore=0.004399 recon=0.001560 kl=0.000026
[2026-02-22 05:19:15] [INFO] [Train][Epoch 24/30][Step 300] total=0.003232 fore=0.004897 recon=0.001566 kl=0.000050
[2026-02-22 05:19:16] [INFO] [Train][Epoch 24/30][Step 400] total=0.003141 fore=0.004712 recon=0.001568 kl=0.000051
[2026-02-22 05:19:17] [INFO] [Train][Epoch 24/30][Step 500] total=0.003012 fore=0.004461 recon=0.001561 kl=0.000044
[2026-02-22 05:19:19] [INFO] [Train][Epoch 24/30][Step 600] total=0.002937 fore=0.004317 recon=0.001556 kl=0.000040
[2026-02-22 05:19:20] [INFO] [Epoch 24/30] Train(total=0.002924, fore=0.004285, recon=0.001563, kl=0.000040) | Val(total=0.003950, fore=0.006441, recon=0.001453, kl=0.000322)
[2026-02-22 05:19:22] [INFO] [Train][Epoch 25/30][Step 100] total=0.002607 fore=0.003651 recon=0.001562 kl=0.000051
[2026-02-22 05:19:23] [INFO] [Train][Epoch 25/30][Step 200] total=0.002580 fore=0.003609 recon=0.001549 kl=0.000046
[2026-02-22 05:19:25] [INFO] [Train][Epoch 25/30][Step 300] total=0.002653 fore=0.003761 recon=0.001544 kl=0.000040
[2026-02-22 05:19:26] [INFO] [Train][Epoch 25/30][Step 400] total=0.002650 fore=0.003749 recon=0.001551 kl=0.000034
[2026-02-22 05:19:28] [INFO] [Train][Epoch 25/30][Step 500] total=0.002636 fore=0.003715 recon=0.001557 kl=0.000032
[2026-02-22 05:19:29] [INFO] [Train][Epoch 25/30][Step 600] total=0.002682 fore=0.003808 recon=0.001555 kl=0.000032
[2026-02-22 05:19:30] [INFO] [Epoch 25/30] Train(total=0.002684, fore=0.003811, recon=0.001557, kl=0.000031) | Val(total=0.003857, fore=0.006258, recon=0.001450, kl=0.000272)
[2026-02-22 05:19:32] [INFO] [Train][Epoch 26/30][Step 100] total=0.002623 fore=0.003698 recon=0.001547 kl=0.000022
[2026-02-22 05:19:33] [INFO] [Train][Epoch 26/30][Step 200] total=0.002618 fore=0.003661 recon=0.001575 kl=0.000028
[2026-02-22 05:19:35] [INFO] [Train][Epoch 26/30][Step 300] total=0.002663 fore=0.003741 recon=0.001583 kl=0.000032
[2026-02-22 05:19:36] [INFO] [Train][Epoch 26/30][Step 400] total=0.002702 fore=0.003834 recon=0.001570 kl=0.000044
[2026-02-22 05:19:37] [INFO] [Train][Epoch 26/30][Step 500] total=0.002802 fore=0.004039 recon=0.001563 kl=0.000049
[2026-02-22 05:19:39] [INFO] [Train][Epoch 26/30][Step 600] total=0.002821 fore=0.004077 recon=0.001563 kl=0.000049
[2026-02-22 05:19:40] [INFO] [Epoch 26/30] Train(total=0.002810, fore=0.004059, recon=0.001560, kl=0.000049) | Val(total=0.003419, fore=0.005378, recon=0.001454, kl=0.000292)
[2026-02-22 05:19:42] [INFO] [Train][Epoch 27/30][Step 100] total=0.002427 fore=0.003373 recon=0.001480 kl=0.000035
[2026-02-22 05:19:43] [INFO] [Train][Epoch 27/30][Step 200] total=0.002539 fore=0.003565 recon=0.001513 kl=0.000032
[2026-02-22 05:19:44] [INFO] [Train][Epoch 27/30][Step 300] total=0.002737 fore=0.003922 recon=0.001552 kl=0.000033
[2026-02-22 05:19:46] [INFO] [Train][Epoch 27/30][Step 400] total=0.002705 fore=0.003858 recon=0.001552 kl=0.000032
[2026-02-22 05:19:47] [INFO] [Train][Epoch 27/30][Step 500] total=0.002697 fore=0.003844 recon=0.001548 kl=0.000031
[2026-02-22 05:19:49] [INFO] [Train][Epoch 27/30][Step 600] total=0.002655 fore=0.003766 recon=0.001544 kl=0.000029
[2026-02-22 05:19:50] [INFO] [Epoch 27/30] Train(total=0.002659, fore=0.003768, recon=0.001549, kl=0.000029) | Val(total=0.003206, fore=0.004937, recon=0.001470, kl=0.000288)
[2026-02-22 05:19:52] [INFO] [Train][Epoch 28/30][Step 100] total=0.002560 fore=0.003528 recon=0.001591 kl=0.000019
[2026-02-22 05:19:53] [INFO] [Train][Epoch 28/30][Step 200] total=0.002499 fore=0.003429 recon=0.001568 kl=0.000017
[2026-02-22 05:19:54] [INFO] [Train][Epoch 28/30][Step 300] total=0.002469 fore=0.003380 recon=0.001557 kl=0.000016
[2026-02-22 05:19:56] [INFO] [Train][Epoch 28/30][Step 400] total=0.002414 fore=0.003295 recon=0.001533 kl=0.000015
[2026-02-22 05:19:57] [INFO] [Train][Epoch 28/30][Step 500] total=0.002415 fore=0.003285 recon=0.001543 kl=0.000017
[2026-02-22 05:19:59] [INFO] [Train][Epoch 28/30][Step 600] total=0.002392 fore=0.003241 recon=0.001543 kl=0.000016
[2026-02-22 05:20:00] [INFO] [Epoch 28/30] Train(total=0.002387, fore=0.003231, recon=0.001543, kl=0.000016) | Val(total=0.003626, fore=0.005799, recon=0.001448, kl=0.000286)
[2026-02-22 05:20:02] [INFO] [Train][Epoch 29/30][Step 100] total=0.002726 fore=0.003928 recon=0.001523 kl=0.000048
[2026-02-22 05:20:03] [INFO] [Train][Epoch 29/30][Step 200] total=0.002943 fore=0.004368 recon=0.001518 kl=0.000067
[2026-02-22 05:20:04] [INFO] [Train][Epoch 29/30][Step 300] total=0.003168 fore=0.004786 recon=0.001549 kl=0.000057
[2026-02-22 05:20:06] [INFO] [Train][Epoch 29/30][Step 400] total=0.003246 fore=0.004924 recon=0.001568 kl=0.000080
[2026-02-22 05:20:07] [INFO] [Train][Epoch 29/30][Step 500] total=0.003181 fore=0.004801 recon=0.001560 kl=0.000082
[2026-02-22 05:20:09] [INFO] [Train][Epoch 29/30][Step 600] total=0.003087 fore=0.004620 recon=0.001553 kl=0.000078
[2026-02-22 05:20:10] [INFO] [Epoch 29/30] Train(total=0.003067, fore=0.004577, recon=0.001554, kl=0.000076) | Val(total=0.003593, fore=0.005740, recon=0.001441, kl=0.000300)
[2026-02-22 05:20:11] [INFO] [Train][Epoch 30/30][Step 100] total=0.002462 fore=0.003350 recon=0.001574 kl=0.000016
[2026-02-22 05:20:13] [INFO] [Train][Epoch 30/30][Step 200] total=0.002396 fore=0.003243 recon=0.001548 kl=0.000014
[2026-02-22 05:20:14] [INFO] [Train][Epoch 30/30][Step 300] total=0.002316 fore=0.003107 recon=0.001525 kl=0.000013
[2026-02-22 05:20:16] [INFO] [Train][Epoch 30/30][Step 400] total=0.002459 fore=0.003385 recon=0.001532 kl=0.000018
[2026-02-22 05:20:17] [INFO] [Train][Epoch 30/30][Step 500] total=0.002454 fore=0.003378 recon=0.001530 kl=0.000022
[2026-02-22 05:20:19] [INFO] [Train][Epoch 30/30][Step 600] total=0.002617 fore=0.003696 recon=0.001537 kl=0.000030
[2026-02-22 05:20:20] [INFO] [Epoch 30/30] Train(total=0.002621, fore=0.003703, recon=0.001538, kl=0.000032) | Val(total=0.004620, fore=0.007780, recon=0.001455, kl=0.000325)
[2026-02-22 05:20:20] [INFO] 训练完成，共耗时 299.74s
[2026-02-22 05:20:26] [INFO] =========================** Result **============================
[2026-02-22 05:20:26] [INFO] Test Loss => total=0.089561, fore=0.177262, recon=0.001772, kl=0.004407
[2026-02-22 05:20:26] [INFO] ---
[2026-02-22 05:20:26] [INFO] [严格验证集阈值=67.750785] F1=0.0043 | P=0.1846 | R=0.0022
[2026-02-22 05:20:26] [INFO] ---
[2026-02-22 05:20:26] [INFO] [论文标准 Best-F1 阈值=3.381662] F1=0.2732 | P=0.1612 | R=0.8938  <-- 你的最终战力
[2026-02-22 05:20:26] [INFO] =================================================================
