[2026-02-22 20:16:36] [INFO] 日志文件路径: /root/GDN-Demo0222/runs/swat_02-22-20-16-36/train.log
[2026-02-22 20:16:36] [INFO] 当前时区: Asia/Shanghai
[2026-02-22 20:16:36] [INFO] 当前时间: 2026-02-22 20:16:36 CST
[2026-02-22 20:16:36] [INFO] ===== 实验开始 =====
[2026-02-22 20:16:36] [INFO] 数据集: swat | 设备: cuda
[2026-02-22 20:16:36] [INFO] train_config: {'batch': 64, 'epoch': 30, 'slide_win': 15, 'slide_stride': 1, 'val_ratio': 0.2, 'seed': 5, 'lr': 0.001, 'decay': 0.0, 'c': 16, 'z_dim': 12, 'emb_dim': 10, 'gat_out_dim': 32, 'gat_heads': 2, 'topk': 5, 'rho': 0.05, 'dropout': 0.1, 'lambda_forecast': 0.5, 'beta': 0.001, 'use_sae': 1, 'score_lambda': 1.0, 'sae_score_type': 'recon', 'recon_target_mode': 'input', 'log_interval': 100, 'graph_warmup_epochs': 5}
[2026-02-22 20:16:36] [INFO] env_config: {'dataset': 'swat', 'device': 'cuda', 'load_model_path': ''}
[2026-02-22 20:16:36] [INFO] Graph warmup: freeze graph_learning (epoch 1 < 5)
[2026-02-22 20:16:38] [INFO] [Train][Epoch 1/30][Step 100] total=0.194881 fore=0.200820 recon=0.179606 kl=4.667431
[2026-02-22 20:16:40] [INFO] [Train][Epoch 1/30][Step 200] total=0.126893 fore=0.151399 recon=0.093712 kl=4.337407
[2026-02-22 20:16:41] [INFO] [Train][Epoch 1/30][Step 300] total=0.094041 fore=0.116131 recon=0.063670 kl=4.140513
[2026-02-22 20:16:42] [INFO] [Train][Epoch 1/30][Step 400] total=0.075592 fore=0.094701 recon=0.048580 kl=3.952015
[2026-02-22 20:16:44] [INFO] [Train][Epoch 1/30][Step 500] total=0.063882 fore=0.080760 recon=0.039483 kl=3.760473
[2026-02-22 20:16:45] [INFO] [Train][Epoch 1/30][Step 600] total=0.055722 fore=0.070871 recon=0.033427 kl=3.572346
[2026-02-22 20:16:47] [INFO] 最佳模型已保存: ./runs/swat_02-22-20-16-36/best.pt (val_total=0.010931)
[2026-02-22 20:16:47] [INFO] [Epoch 1/30] Train(total=0.054454, fore=0.069338, recon=0.032497, kl=3.537063) | Val(total=0.010931, fore=0.014153, recon=0.002975, kl=2.367364)
[2026-02-22 20:16:47] [INFO] Graph warmup: freeze graph_learning (epoch 2 < 5)
[2026-02-22 20:16:48] [INFO] [Train][Epoch 2/30][Step 100] total=0.013259 fore=0.018865 recon=0.003145 kl=2.254179
[2026-02-22 20:16:50] [INFO] [Train][Epoch 2/30][Step 200] total=0.012735 fore=0.018132 recon=0.003105 kl=2.117070
[2026-02-22 20:16:51] [INFO] [Train][Epoch 2/30][Step 300] total=0.012358 fore=0.017593 recon=0.003132 kl=1.995471
[2026-02-22 20:16:53] [INFO] [Train][Epoch 2/30][Step 400] total=0.012000 fore=0.017084 recon=0.003147 kl=1.884919
[2026-02-22 20:16:54] [INFO] [Train][Epoch 2/30][Step 500] total=0.011688 fore=0.016662 recon=0.003145 kl=1.784028
[2026-02-22 20:16:56] [INFO] [Train][Epoch 2/30][Step 600] total=0.011385 fore=0.016242 recon=0.003145 kl=1.691842
[2026-02-22 20:16:57] [INFO] 最佳模型已保存: ./runs/swat_02-22-20-16-36/best.pt (val_total=0.007367)
[2026-02-22 20:16:57] [INFO] [Epoch 2/30] Train(total=0.011344, fore=0.016186, recon=0.003152, kl=1.675273) | Val(total=0.007367, fore=0.009563, recon=0.002948, kl=1.111250)
[2026-02-22 20:16:57] [INFO] Graph warmup: freeze graph_learning (epoch 3 < 5)
[2026-02-22 20:16:59] [INFO] [Train][Epoch 3/30][Step 100] total=0.009756 fore=0.014166 recon=0.003192 kl=1.077169
[2026-02-22 20:17:00] [INFO] [Train][Epoch 3/30][Step 200] total=0.009677 fore=0.014106 recon=0.003205 kl=1.021359
[2026-02-22 20:17:01] [INFO] [Train][Epoch 3/30][Step 300] total=0.009502 fore=0.013899 recon=0.003163 kl=0.971437
[2026-02-22 20:17:03] [INFO] [Train][Epoch 3/30][Step 400] total=0.009276 fore=0.013556 recon=0.003144 kl=0.925898
[2026-02-22 20:17:04] [INFO] [Train][Epoch 3/30][Step 500] total=0.009109 fore=0.013344 recon=0.003107 kl=0.883739
[2026-02-22 20:17:06] [INFO] [Train][Epoch 3/30][Step 600] total=0.009012 fore=0.013213 recon=0.003123 kl=0.844070
[2026-02-22 20:17:07] [INFO] [Epoch 3/30] Train(total=0.009007, fore=0.013216, recon=0.003124, kl=0.836806) | Val(total=0.007706, fore=0.011309, recon=0.002926, kl=0.588713)
[2026-02-22 20:17:07] [INFO] Graph warmup: freeze graph_learning (epoch 4 < 5)
[2026-02-22 20:17:09] [INFO] [Train][Epoch 4/30][Step 100] total=0.008370 fore=0.012486 recon=0.003090 kl=0.581483
[2026-02-22 20:17:10] [INFO] [Train][Epoch 4/30][Step 200] total=0.008314 fore=0.012420 recon=0.003099 kl=0.554566
[2026-02-22 20:17:11] [INFO] [Train][Epoch 4/30][Step 300] total=0.008257 fore=0.012365 recon=0.003087 kl=0.530861
[2026-02-22 20:17:13] [INFO] [Train][Epoch 4/30][Step 400] total=0.008211 fore=0.012340 recon=0.003062 kl=0.510226
[2026-02-22 20:17:14] [INFO] [Train][Epoch 4/30][Step 500] total=0.008194 fore=0.012311 recon=0.003094 kl=0.491721
[2026-02-22 20:17:16] [INFO] [Train][Epoch 4/30][Step 600] total=0.008096 fore=0.012167 recon=0.003077 kl=0.474197
[2026-02-22 20:17:17] [INFO] 最佳模型已保存: ./runs/swat_02-22-20-16-36/best.pt (val_total=0.005713)
[2026-02-22 20:17:17] [INFO] [Epoch 4/30] Train(total=0.008092, fore=0.012160, recon=0.003082, kl=0.470836) | Val(total=0.005713, fore=0.007851, recon=0.002869, kl=0.353007)
[2026-02-22 20:17:17] [INFO] Graph warmup: unfreeze graph_learning (epoch 5 == 5)
[2026-02-22 20:17:19] [INFO] [Train][Epoch 5/30][Step 100] total=0.007281 fore=0.010753 recon=0.003103 kl=0.352473
[2026-02-22 20:17:20] [INFO] [Train][Epoch 5/30][Step 200] total=0.007235 fore=0.010699 recon=0.003097 kl=0.336713
[2026-02-22 20:17:22] [INFO] [Train][Epoch 5/30][Step 300] total=0.006998 fore=0.010274 recon=0.003074 kl=0.324129
[2026-02-22 20:17:23] [INFO] [Train][Epoch 5/30][Step 400] total=0.006847 fore=0.010034 recon=0.003036 kl=0.312228
[2026-02-22 20:17:25] [INFO] [Train][Epoch 5/30][Step 500] total=0.006744 fore=0.009885 recon=0.003003 kl=0.300487
[2026-02-22 20:17:26] [INFO] [Train][Epoch 5/30][Step 600] total=0.006659 fore=0.009729 recon=0.003011 kl=0.289076
[2026-02-22 20:17:27] [INFO] 最佳模型已保存: ./runs/swat_02-22-20-16-36/best.pt (val_total=0.004795)
[2026-02-22 20:17:27] [INFO] [Epoch 5/30] Train(total=0.006633, fore=0.009689, recon=0.003003, kl=0.286922) | Val(total=0.004795, fore=0.006404, recon=0.002763, kl=0.211012)
[2026-02-22 20:17:29] [INFO] [Train][Epoch 6/30][Step 100] total=0.006164 fore=0.008945 recon=0.002964 kl=0.209386
[2026-02-22 20:17:30] [INFO] [Train][Epoch 6/30][Step 200] total=0.006021 fore=0.008710 recon=0.002929 kl=0.201680
[2026-02-22 20:17:32] [INFO] [Train][Epoch 6/30][Step 300] total=0.005983 fore=0.008648 recon=0.002931 kl=0.193706
[2026-02-22 20:17:33] [INFO] [Train][Epoch 6/30][Step 400] total=0.005914 fore=0.008560 recon=0.002895 kl=0.186280
[2026-02-22 20:17:35] [INFO] [Train][Epoch 6/30][Step 500] total=0.005849 fore=0.008457 recon=0.002881 kl=0.179573
[2026-02-22 20:17:36] [INFO] [Train][Epoch 6/30][Step 600] total=0.005830 fore=0.008452 recon=0.002862 kl=0.173340
[2026-02-22 20:17:38] [INFO] [Epoch 6/30] Train(total=0.005822, fore=0.008438, recon=0.002861, kl=0.172207) | Val(total=0.004943, fore=0.007030, recon=0.002598, kl=0.129541)
[2026-02-22 20:17:39] [INFO] [Train][Epoch 7/30][Step 100] total=0.005769 fore=0.008434 recon=0.002842 kl=0.131359
[2026-02-22 20:17:41] [INFO] [Train][Epoch 7/30][Step 200] total=0.005618 fore=0.008197 recon=0.002785 kl=0.127109
[2026-02-22 20:17:42] [INFO] [Train][Epoch 7/30][Step 300] total=0.005540 fore=0.008112 recon=0.002722 kl=0.123212
[2026-02-22 20:17:44] [INFO] [Train][Epoch 7/30][Step 400] total=0.005512 fore=0.008110 recon=0.002674 kl=0.119699
[2026-02-22 20:17:45] [INFO] [Train][Epoch 7/30][Step 500] total=0.005437 fore=0.008001 recon=0.002640 kl=0.116269
[2026-02-22 20:17:47] [INFO] [Train][Epoch 7/30][Step 600] total=0.005376 fore=0.007902 recon=0.002622 kl=0.113201
[2026-02-22 20:17:48] [INFO] 最佳模型已保存: ./runs/swat_02-22-20-16-36/best.pt (val_total=0.003938)
[2026-02-22 20:17:48] [INFO] [Epoch 7/30] Train(total=0.005354, fore=0.007870, recon=0.002612, kl=0.112604) | Val(total=0.003938, fore=0.005408, recon=0.002287, kl=0.090407)
[2026-02-22 20:17:50] [INFO] [Train][Epoch 8/30][Step 100] total=0.004640 fore=0.006791 recon=0.002306 kl=0.091447
[2026-02-22 20:17:51] [INFO] [Train][Epoch 8/30][Step 200] total=0.004932 fore=0.007339 recon=0.002347 kl=0.088564
[2026-02-22 20:17:53] [INFO] [Train][Epoch 8/30][Step 300] total=0.004894 fore=0.007275 recon=0.002340 kl=0.086882
[2026-02-22 20:17:54] [INFO] [Train][Epoch 8/30][Step 400] total=0.004815 fore=0.007158 recon=0.002302 kl=0.084895
[2026-02-22 20:17:55] [INFO] [Train][Epoch 8/30][Step 500] total=0.004746 fore=0.007073 recon=0.002252 kl=0.083126
[2026-02-22 20:17:57] [INFO] [Train][Epoch 8/30][Step 600] total=0.004727 fore=0.007061 recon=0.002230 kl=0.081440
[2026-02-22 20:17:58] [INFO] 最佳模型已保存: ./runs/swat_02-22-20-16-36/best.pt (val_total=0.003759)
[2026-02-22 20:17:58] [INFO] [Epoch 8/30] Train(total=0.004722, fore=0.007054, recon=0.002228, kl=0.081140) | Val(total=0.003759, fore=0.005466, recon=0.001917, kl=0.067872)
[2026-02-22 20:18:00] [INFO] [Train][Epoch 9/30][Step 100] total=0.004470 fore=0.006849 recon=0.001952 kl=0.070038
[2026-02-22 20:18:01] [INFO] [Train][Epoch 9/30][Step 200] total=0.004488 fore=0.006908 recon=0.001930 kl=0.069334
[2026-02-22 20:18:03] [INFO] [Train][Epoch 9/30][Step 300] total=0.004441 fore=0.006822 recon=0.001923 kl=0.068294
[2026-02-22 20:18:04] [INFO] [Train][Epoch 9/30][Step 400] total=0.004433 fore=0.006825 recon=0.001907 kl=0.067132
[2026-02-22 20:18:06] [INFO] [Train][Epoch 9/30][Step 500] total=0.004387 fore=0.006762 recon=0.001880 kl=0.065847
[2026-02-22 20:18:07] [INFO] [Train][Epoch 9/30][Step 600] total=0.004349 fore=0.006712 recon=0.001856 kl=0.064515
[2026-02-22 20:18:09] [INFO] 最佳模型已保存: ./runs/swat_02-22-20-16-36/best.pt (val_total=0.003085)
[2026-02-22 20:18:09] [INFO] [Epoch 9/30] Train(total=0.004339, fore=0.006698, recon=0.001851, kl=0.064274) | Val(total=0.003085, fore=0.004449, recon=0.001613, kl=0.053736)
[2026-02-22 20:18:10] [INFO] [Train][Epoch 10/30][Step 100] total=0.003815 fore=0.005831 recon=0.001690 kl=0.054837
[2026-02-22 20:18:12] [INFO] [Train][Epoch 10/30][Step 200] total=0.003823 fore=0.005850 recon=0.001689 kl=0.053913
[2026-02-22 20:18:13] [INFO] [Train][Epoch 10/30][Step 300] total=0.003852 fore=0.005919 recon=0.001680 kl=0.052967
[2026-02-22 20:18:15] [INFO] [Train][Epoch 10/30][Step 400] total=0.003831 fore=0.005881 recon=0.001678 kl=0.051980
[2026-02-22 20:18:16] [INFO] [Train][Epoch 10/30][Step 500] total=0.003817 fore=0.005871 recon=0.001661 kl=0.051068
[2026-02-22 20:18:18] [INFO] [Train][Epoch 10/30][Step 600] total=0.003780 fore=0.005808 recon=0.001652 kl=0.050135
[2026-02-22 20:18:19] [INFO] 最佳模型已保存: ./runs/swat_02-22-20-16-36/best.pt (val_total=0.002682)
[2026-02-22 20:18:19] [INFO] [Epoch 10/30] Train(total=0.003779, fore=0.005807, recon=0.001651, kl=0.049952) | Val(total=0.002682, fore=0.003776, recon=0.001504, kl=0.042228)
[2026-02-22 20:18:20] [INFO] [Train][Epoch 11/30][Step 100] total=0.003657 fore=0.005655 recon=0.001574 kl=0.043037
[2026-02-22 20:18:22] [INFO] [Train][Epoch 11/30][Step 200] total=0.003589 fore=0.005511 recon=0.001583 kl=0.042155
[2026-02-22 20:18:23] [INFO] [Train][Epoch 11/30][Step 300] total=0.003585 fore=0.005514 recon=0.001575 kl=0.041141
[2026-02-22 20:18:25] [INFO] [Train][Epoch 11/30][Step 400] total=0.003619 fore=0.005552 recon=0.001605 kl=0.040302
[2026-02-22 20:18:26] [INFO] [Train][Epoch 11/30][Step 500] total=0.003636 fore=0.005600 recon=0.001592 kl=0.039677
[2026-02-22 20:18:28] [INFO] [Train][Epoch 11/30][Step 600] total=0.003647 fore=0.005632 recon=0.001583 kl=0.039178
[2026-02-22 20:18:29] [INFO] [Epoch 11/30] Train(total=0.003652, fore=0.005640, recon=0.001587, kl=0.039079) | Val(total=0.002811, fore=0.004064, recon=0.001489, kl=0.034704)
[2026-02-22 20:18:31] [INFO] [Train][Epoch 12/30][Step 100] total=0.003745 fore=0.005830 recon=0.001588 kl=0.035346
[2026-02-22 20:18:32] [INFO] [Train][Epoch 12/30][Step 200] total=0.003604 fore=0.005578 recon=0.001560 kl=0.034752
[2026-02-22 20:18:34] [INFO] [Train][Epoch 12/30][Step 300] total=0.003506 fore=0.005405 recon=0.001540 kl=0.034032
[2026-02-22 20:18:35] [INFO] [Train][Epoch 12/30][Step 400] total=0.003468 fore=0.005323 recon=0.001547 kl=0.033408
[2026-02-22 20:18:37] [INFO] [Train][Epoch 12/30][Step 500] total=0.003459 fore=0.005295 recon=0.001557 kl=0.032867
[2026-02-22 20:18:38] [INFO] [Train][Epoch 12/30][Step 600] total=0.003472 fore=0.005310 recon=0.001570 kl=0.032303
[2026-02-22 20:18:40] [INFO] 最佳模型已保存: ./runs/swat_02-22-20-16-36/best.pt (val_total=0.002520)
[2026-02-22 20:18:40] [INFO] [Epoch 12/30] Train(total=0.003462, fore=0.005293, recon=0.001567, kl=0.032197) | Val(total=0.002520, fore=0.003512, recon=0.001471, kl=0.027778)
[2026-02-22 20:18:41] [INFO] [Train][Epoch 13/30][Step 100] total=0.003360 fore=0.005100 recon=0.001565 kl=0.027661
[2026-02-22 20:18:42] [INFO] [Train][Epoch 13/30][Step 200] total=0.003395 fore=0.005176 recon=0.001561 kl=0.026866
[2026-02-22 20:18:44] [INFO] [Train][Epoch 13/30][Step 300] total=0.003518 fore=0.005431 recon=0.001553 kl=0.026307
[2026-02-22 20:18:45] [INFO] [Train][Epoch 13/30][Step 400] total=0.003579 fore=0.005534 recon=0.001572 kl=0.026081
[2026-02-22 20:18:47] [INFO] [Train][Epoch 13/30][Step 500] total=0.003627 fore=0.005631 recon=0.001570 kl=0.026012
[2026-02-22 20:18:48] [INFO] [Train][Epoch 13/30][Step 600] total=0.003629 fore=0.005646 recon=0.001560 kl=0.025874
[2026-02-22 20:18:50] [INFO] [Epoch 13/30] Train(total=0.003633, fore=0.005657, recon=0.001557, kl=0.025859) | Val(total=0.002845, fore=0.004187, recon=0.001455, kl=0.023691)
[2026-02-22 20:18:51] [INFO] [Train][Epoch 14/30][Step 100] total=0.003757 fore=0.005921 recon=0.001544 kl=0.024234
[2026-02-22 20:18:53] [INFO] [Train][Epoch 14/30][Step 200] total=0.003710 fore=0.005804 recon=0.001567 kl=0.024254
[2026-02-22 20:18:54] [INFO] [Train][Epoch 14/30][Step 300] total=0.003676 fore=0.005732 recon=0.001573 kl=0.023968
[2026-02-22 20:18:56] [INFO] [Train][Epoch 14/30][Step 400] total=0.003567 fore=0.005530 recon=0.001557 kl=0.023635
[2026-02-22 20:18:57] [INFO] [Train][Epoch 14/30][Step 500] total=0.003511 fore=0.005419 recon=0.001556 kl=0.023339
[2026-02-22 20:18:59] [INFO] [Train][Epoch 14/30][Step 600] total=0.003441 fore=0.005282 recon=0.001554 kl=0.023019
[2026-02-22 20:19:00] [INFO] 最佳模型已保存: ./runs/swat_02-22-20-16-36/best.pt (val_total=0.002338)
[2026-02-22 20:19:00] [INFO] [Epoch 14/30] Train(total=0.003427, fore=0.005256, recon=0.001552, kl=0.022940) | Val(total=0.002338, fore=0.003172, recon=0.001463, kl=0.020027)
[2026-02-22 20:19:02] [INFO] [Train][Epoch 15/30][Step 100] total=0.003129 fore=0.004714 recon=0.001503 kl=0.020283
[2026-02-22 20:19:03] [INFO] [Train][Epoch 15/30][Step 200] total=0.003146 fore=0.004715 recon=0.001538 kl=0.019979
[2026-02-22 20:19:05] [INFO] [Train][Epoch 15/30][Step 300] total=0.003134 fore=0.004698 recon=0.001532 kl=0.019619
[2026-02-22 20:19:06] [INFO] [Train][Epoch 15/30][Step 400] total=0.003139 fore=0.004710 recon=0.001531 kl=0.019251
[2026-02-22 20:19:07] [INFO] [Train][Epoch 15/30][Step 500] total=0.003141 fore=0.004709 recon=0.001535 kl=0.018954
[2026-02-22 20:19:09] [INFO] [Train][Epoch 15/30][Step 600] total=0.003112 fore=0.004640 recon=0.001546 kl=0.018715
[2026-02-22 20:19:10] [INFO] 最佳模型已保存: ./runs/swat_02-22-20-16-36/best.pt (val_total=0.002333)
[2026-02-22 20:19:10] [INFO] [Epoch 15/30] Train(total=0.003111, fore=0.004639, recon=0.001545, kl=0.018674) | Val(total=0.002333, fore=0.003189, recon=0.001444, kl=0.016677)
[2026-02-22 20:19:12] [INFO] [Train][Epoch 16/30][Step 100] total=0.003375 fore=0.005134 recon=0.001581 kl=0.017160
[2026-02-22 20:19:13] [INFO] [Train][Epoch 16/30][Step 200] total=0.003298 fore=0.004980 recon=0.001582 kl=0.017246
[2026-02-22 20:19:15] [INFO] [Train][Epoch 16/30][Step 300] total=0.003272 fore=0.004958 recon=0.001553 kl=0.016941
[2026-02-22 20:19:16] [INFO] [Train][Epoch 16/30][Step 400] total=0.003295 fore=0.005015 recon=0.001541 kl=0.016603
[2026-02-22 20:19:18] [INFO] [Train][Epoch 16/30][Step 500] total=0.003291 fore=0.005005 recon=0.001543 kl=0.016434
[2026-02-22 20:19:19] [INFO] [Train][Epoch 16/30][Step 600] total=0.003279 fore=0.004985 recon=0.001541 kl=0.016229
[2026-02-22 20:19:20] [INFO] [Epoch 16/30] Train(total=0.003284, fore=0.004992, recon=0.001544, kl=0.016192) | Val(total=0.002633, fore=0.003793, recon=0.001443, kl=0.014568)
[2026-02-22 20:19:22] [INFO] [Train][Epoch 17/30][Step 100] total=0.003440 fore=0.005265 recon=0.001585 kl=0.014164
[2026-02-22 20:19:24] [INFO] [Train][Epoch 17/30][Step 200] total=0.003416 fore=0.005210 recon=0.001595 kl=0.013996
[2026-02-22 20:19:25] [INFO] [Train][Epoch 17/30][Step 300] total=0.003347 fore=0.005107 recon=0.001560 kl=0.013982
[2026-02-22 20:19:27] [INFO] [Train][Epoch 17/30][Step 400] total=0.003301 fore=0.005013 recon=0.001561 kl=0.013926
[2026-02-22 20:19:28] [INFO] [Train][Epoch 17/30][Step 500] total=0.003308 fore=0.005025 recon=0.001563 kl=0.013818
[2026-02-22 20:19:29] [INFO] [Train][Epoch 17/30][Step 600] total=0.003328 fore=0.005085 recon=0.001543 kl=0.013723
[2026-02-22 20:19:31] [INFO] 最佳模型已保存: ./runs/swat_02-22-20-16-36/best.pt (val_total=0.002285)
[2026-02-22 20:19:31] [INFO] [Epoch 17/30] Train(total=0.003322, fore=0.005077, recon=0.001541, kl=0.013716) | Val(total=0.002285, fore=0.003086, recon=0.001457, kl=0.013250)
[2026-02-22 20:19:32] [INFO] [Train][Epoch 18/30][Step 100] total=0.003283 fore=0.005010 recon=0.001530 kl=0.013147
[2026-02-22 20:19:34] [INFO] [Train][Epoch 18/30][Step 200] total=0.003235 fore=0.004924 recon=0.001520 kl=0.012914
[2026-02-22 20:19:35] [INFO] [Train][Epoch 18/30][Step 300] total=0.003170 fore=0.004792 recon=0.001523 kl=0.012657
[2026-02-22 20:19:37] [INFO] [Train][Epoch 18/30][Step 400] total=0.003143 fore=0.004731 recon=0.001530 kl=0.012398
[2026-02-22 20:19:38] [INFO] [Train][Epoch 18/30][Step 500] total=0.003163 fore=0.004761 recon=0.001539 kl=0.012199
[2026-02-22 20:19:40] [INFO] [Train][Epoch 18/30][Step 600] total=0.003190 fore=0.004814 recon=0.001542 kl=0.012040
[2026-02-22 20:19:41] [INFO] [Epoch 18/30] Train(total=0.003189, fore=0.004816, recon=0.001538, kl=0.012002) | Val(total=0.002607, fore=0.003740, recon=0.001452, kl=0.011053)
[2026-02-22 20:19:43] [INFO] [Train][Epoch 19/30][Step 100] total=0.003546 fore=0.005514 recon=0.001557 kl=0.010916
[2026-02-22 20:19:44] [INFO] [Train][Epoch 19/30][Step 200] total=0.003466 fore=0.005350 recon=0.001560 kl=0.010486
[2026-02-22 20:19:46] [INFO] [Train][Epoch 19/30][Step 300] total=0.003346 fore=0.005114 recon=0.001558 kl=0.010165
[2026-02-22 20:19:47] [INFO] [Train][Epoch 19/30][Step 400] total=0.003198 fore=0.004844 recon=0.001534 kl=0.009899
[2026-02-22 20:19:49] [INFO] [Train][Epoch 19/30][Step 500] total=0.003177 fore=0.004791 recon=0.001543 kl=0.009656
[2026-02-22 20:19:50] [INFO] [Train][Epoch 19/30][Step 600] total=0.003159 fore=0.004763 recon=0.001537 kl=0.009446
[2026-02-22 20:19:51] [INFO] 最佳模型已保存: ./runs/swat_02-22-20-16-36/best.pt (val_total=0.002189)
[2026-02-22 20:19:51] [INFO] [Epoch 19/30] Train(total=0.003160, fore=0.004765, recon=0.001535, kl=0.009419) | Val(total=0.002189, fore=0.002919, recon=0.001442, kl=0.008389)
[2026-02-22 20:19:53] [INFO] [Train][Epoch 20/30][Step 100] total=0.003057 fore=0.004523 recon=0.001575 kl=0.007927
[2026-02-22 20:19:54] [INFO] [Train][Epoch 20/30][Step 200] total=0.003036 fore=0.004532 recon=0.001526 kl=0.007628
[2026-02-22 20:19:56] [INFO] [Train][Epoch 20/30][Step 300] total=0.003092 fore=0.004647 recon=0.001521 kl=0.007561
[2026-02-22 20:19:57] [INFO] [Train][Epoch 20/30][Step 400] total=0.003110 fore=0.004693 recon=0.001511 kl=0.007361
[2026-02-22 20:19:59] [INFO] [Train][Epoch 20/30][Step 500] total=0.003136 fore=0.004743 recon=0.001515 kl=0.007175
[2026-02-22 20:20:00] [INFO] [Train][Epoch 20/30][Step 600] total=0.003118 fore=0.004689 recon=0.001534 kl=0.007000
[2026-02-22 20:20:02] [INFO] [Epoch 20/30] Train(total=0.003115, fore=0.004685, recon=0.001532, kl=0.006961) | Val(total=0.002212, fore=0.002979, recon=0.001432, kl=0.006328)
[2026-02-22 20:20:03] [INFO] [Train][Epoch 21/30][Step 100] total=0.002805 fore=0.004134 recon=0.001465 kl=0.005646
[2026-02-22 20:20:05] [INFO] [Train][Epoch 21/30][Step 200] total=0.002881 fore=0.004211 recon=0.001540 kl=0.005493
[2026-02-22 20:20:06] [INFO] [Train][Epoch 21/30][Step 300] total=0.002884 fore=0.004210 recon=0.001547 kl=0.005354
[2026-02-22 20:20:07] [INFO] [Train][Epoch 21/30][Step 400] total=0.002888 fore=0.004212 recon=0.001553 kl=0.005187
[2026-02-22 20:20:09] [INFO] [Train][Epoch 21/30][Step 500] total=0.002879 fore=0.004211 recon=0.001538 kl=0.005079
[2026-02-22 20:20:10] [INFO] [Train][Epoch 21/30][Step 600] total=0.002865 fore=0.004193 recon=0.001528 kl=0.004993
[2026-02-22 20:20:12] [INFO] 最佳模型已保存: ./runs/swat_02-22-20-16-36/best.pt (val_total=0.001990)
[2026-02-22 20:20:12] [INFO] [Epoch 21/30] Train(total=0.002859, fore=0.004180, recon=0.001528, kl=0.004972) | Val(total=0.001990, fore=0.002544, recon=0.001426, kl=0.004997)
[2026-02-22 20:20:13] [INFO] [Train][Epoch 22/30][Step 100] total=0.002824 fore=0.004096 recon=0.001542 kl=0.004334
[2026-02-22 20:20:15] [INFO] [Train][Epoch 22/30][Step 200] total=0.002892 fore=0.004240 recon=0.001535 kl=0.004104
[2026-02-22 20:20:16] [INFO] [Train][Epoch 22/30][Step 300] total=0.002836 fore=0.004135 recon=0.001529 kl=0.003967
[2026-02-22 20:20:18] [INFO] [Train][Epoch 22/30][Step 400] total=0.002889 fore=0.004236 recon=0.001533 kl=0.003854
[2026-02-22 20:20:19] [INFO] [Train][Epoch 22/30][Step 500] total=0.002869 fore=0.004206 recon=0.001525 kl=0.003744
[2026-02-22 20:20:21] [INFO] [Train][Epoch 22/30][Step 600] total=0.002853 fore=0.004172 recon=0.001526 kl=0.003676
[2026-02-22 20:20:22] [INFO] [Epoch 22/30] Train(total=0.002844, fore=0.004158, recon=0.001523, kl=0.003663) | Val(total=0.002025, fore=0.002613, recon=0.001429, kl=0.003918)
[2026-02-22 20:20:23] [INFO] [Train][Epoch 23/30][Step 100] total=0.002843 fore=0.004142 recon=0.001537 kl=0.003222
[2026-02-22 20:20:25] [INFO] [Train][Epoch 23/30][Step 200] total=0.002845 fore=0.004145 recon=0.001539 kl=0.003130
[2026-02-22 20:20:26] [INFO] [Train][Epoch 23/30][Step 300] total=0.002780 fore=0.004008 recon=0.001546 kl=0.003129
[2026-02-22 20:20:28] [INFO] [Train][Epoch 23/30][Step 400] total=0.002797 fore=0.004049 recon=0.001539 kl=0.003190
[2026-02-22 20:20:29] [INFO] [Train][Epoch 23/30][Step 500] total=0.002802 fore=0.004072 recon=0.001526 kl=0.003186
[2026-02-22 20:20:31] [INFO] [Train][Epoch 23/30][Step 600] total=0.002814 fore=0.004101 recon=0.001521 kl=0.003143
[2026-02-22 20:20:32] [INFO] [Epoch 23/30] Train(total=0.002816, fore=0.004106, recon=0.001520, kl=0.003132) | Val(total=0.002203, fore=0.002944, recon=0.001454, kl=0.003815)
[2026-02-22 20:20:34] [INFO] [Train][Epoch 24/30][Step 100] total=0.002807 fore=0.004107 recon=0.001502 kl=0.002960
[2026-02-22 20:20:35] [INFO] [Train][Epoch 24/30][Step 200] total=0.002942 fore=0.004348 recon=0.001530 kl=0.002815
[2026-02-22 20:20:37] [INFO] [Train][Epoch 24/30][Step 300] total=0.002957 fore=0.004366 recon=0.001542 kl=0.002786
[2026-02-22 20:20:38] [INFO] [Train][Epoch 24/30][Step 400] total=0.002932 fore=0.004323 recon=0.001535 kl=0.002709
[2026-02-22 20:20:40] [INFO] [Train][Epoch 24/30][Step 500] total=0.002918 fore=0.004298 recon=0.001533 kl=0.002667
[2026-02-22 20:20:41] [INFO] [Train][Epoch 24/30][Step 600] total=0.002928 fore=0.004335 recon=0.001516 kl=0.002637
[2026-02-22 20:20:42] [INFO] [Epoch 24/30] Train(total=0.002918, fore=0.004315, recon=0.001515, kl=0.002640) | Val(total=0.002124, fore=0.002822, recon=0.001418, kl=0.003346)
[2026-02-22 20:20:44] [INFO] [Train][Epoch 25/30][Step 100] total=0.002708 fore=0.003969 recon=0.001443 kl=0.002518
[2026-02-22 20:20:45] [INFO] [Train][Epoch 25/30][Step 200] total=0.002827 fore=0.004173 recon=0.001476 kl=0.002564
[2026-02-22 20:20:47] [INFO] [Train][Epoch 25/30][Step 300] total=0.002801 fore=0.004113 recon=0.001484 kl=0.002554
[2026-02-22 20:20:48] [INFO] [Train][Epoch 25/30][Step 400] total=0.002788 fore=0.004061 recon=0.001511 kl=0.002535
[2026-02-22 20:20:50] [INFO] [Train][Epoch 25/30][Step 500] total=0.002753 fore=0.003990 recon=0.001511 kl=0.002494
[2026-02-22 20:20:51] [INFO] [Train][Epoch 25/30][Step 600] total=0.002730 fore=0.003947 recon=0.001508 kl=0.002438
[2026-02-22 20:20:53] [INFO] [Epoch 25/30] Train(total=0.002725, fore=0.003940, recon=0.001506, kl=0.002423) | Val(total=0.002167, fore=0.002905, recon=0.001424, kl=0.002987)
[2026-02-22 20:20:54] [INFO] [Train][Epoch 26/30][Step 100] total=0.002718 fore=0.003945 recon=0.001486 kl=0.002196
[2026-02-22 20:20:56] [INFO] [Train][Epoch 26/30][Step 200] total=0.002670 fore=0.003846 recon=0.001489 kl=0.002145
[2026-02-22 20:20:57] [INFO] [Train][Epoch 26/30][Step 300] total=0.002642 fore=0.003782 recon=0.001497 kl=0.002096
[2026-02-22 20:20:59] [INFO] [Train][Epoch 26/30][Step 400] total=0.002663 fore=0.003818 recon=0.001503 kl=0.002066
[2026-02-22 20:21:00] [INFO] [Train][Epoch 26/30][Step 500] total=0.002630 fore=0.003754 recon=0.001502 kl=0.002048
[2026-02-22 20:21:02] [INFO] [Train][Epoch 26/30][Step 600] total=0.002609 fore=0.003712 recon=0.001502 kl=0.002004
[2026-02-22 20:21:03] [INFO] 最佳模型已保存: ./runs/swat_02-22-20-16-36/best.pt (val_total=0.001878)
[2026-02-22 20:21:03] [INFO] [Epoch 26/30] Train(total=0.002607, fore=0.003708, recon=0.001501, kl=0.001995) | Val(total=0.001878, fore=0.002345, recon=0.001405, kl=0.002756)
[2026-02-22 20:21:04] [INFO] [Train][Epoch 27/30][Step 100] total=0.002557 fore=0.003593 recon=0.001517 kl=0.001752
[2026-02-22 20:21:06] [INFO] [Train][Epoch 27/30][Step 200] total=0.002655 fore=0.003780 recon=0.001526 kl=0.001780
[2026-02-22 20:21:07] [INFO] [Train][Epoch 27/30][Step 300] total=0.002632 fore=0.003742 recon=0.001519 kl=0.001838
[2026-02-22 20:21:09] [INFO] [Train][Epoch 27/30][Step 400] total=0.002625 fore=0.003725 recon=0.001521 kl=0.001850
[2026-02-22 20:21:10] [INFO] [Train][Epoch 27/30][Step 500] total=0.002593 fore=0.003687 recon=0.001495 kl=0.001853
[2026-02-22 20:21:12] [INFO] [Train][Epoch 27/30][Step 600] total=0.002591 fore=0.003686 recon=0.001492 kl=0.001834
[2026-02-22 20:21:13] [INFO] [Epoch 27/30] Train(total=0.002600, fore=0.003705, recon=0.001492, kl=0.001828) | Val(total=0.001987, fore=0.002538, recon=0.001431, kl=0.002679)
[2026-02-22 20:21:15] [INFO] [Train][Epoch 28/30][Step 100] total=0.002625 fore=0.003752 recon=0.001494 kl=0.001647
[2026-02-22 20:21:16] [INFO] [Train][Epoch 28/30][Step 200] total=0.002616 fore=0.003735 recon=0.001493 kl=0.001682
[2026-02-22 20:21:18] [INFO] [Train][Epoch 28/30][Step 300] total=0.002572 fore=0.003660 recon=0.001479 kl=0.001651
[2026-02-22 20:21:19] [INFO] [Train][Epoch 28/30][Step 400] total=0.002546 fore=0.003598 recon=0.001491 kl=0.001625
[2026-02-22 20:21:21] [INFO] [Train][Epoch 28/30][Step 500] total=0.002533 fore=0.003585 recon=0.001477 kl=0.001578
[2026-02-22 20:21:22] [INFO] [Train][Epoch 28/30][Step 600] total=0.002518 fore=0.003551 recon=0.001481 kl=0.001506
[2026-02-22 20:21:24] [INFO] [Epoch 28/30] Train(total=0.002517, fore=0.003547, recon=0.001484, kl=0.001495) | Val(total=0.001896, fore=0.002391, recon=0.001396, kl=0.002306)
[2026-02-22 20:21:25] [INFO] [Train][Epoch 29/30][Step 100] total=0.002398 fore=0.003376 recon=0.001418 kl=0.001014
[2026-02-22 20:21:26] [INFO] [Train][Epoch 29/30][Step 200] total=0.002435 fore=0.003403 recon=0.001466 kl=0.001024
[2026-02-22 20:21:28] [INFO] [Train][Epoch 29/30][Step 300] total=0.002439 fore=0.003403 recon=0.001473 kl=0.001015
[2026-02-22 20:21:29] [INFO] [Train][Epoch 29/30][Step 400] total=0.002436 fore=0.003381 recon=0.001490 kl=0.001029
[2026-02-22 20:21:31] [INFO] [Train][Epoch 29/30][Step 500] total=0.002420 fore=0.003355 recon=0.001483 kl=0.001025
[2026-02-22 20:21:32] [INFO] [Train][Epoch 29/30][Step 600] total=0.002439 fore=0.003400 recon=0.001477 kl=0.001026
[2026-02-22 20:21:34] [INFO] [Epoch 29/30] Train(total=0.002441, fore=0.003405, recon=0.001474, kl=0.001024) | Val(total=0.001889, fore=0.002393, recon=0.001380, kl=0.002336)
[2026-02-22 20:21:35] [INFO] [Train][Epoch 30/30][Step 100] total=0.002493 fore=0.003477 recon=0.001507 kl=0.000987
[2026-02-22 20:21:37] [INFO] [Train][Epoch 30/30][Step 200] total=0.002525 fore=0.003523 recon=0.001526 kl=0.000974
[2026-02-22 20:21:38] [INFO] [Train][Epoch 30/30][Step 300] total=0.002492 fore=0.003519 recon=0.001462 kl=0.000979
[2026-02-22 20:21:40] [INFO] [Train][Epoch 30/30][Step 400] total=0.002519 fore=0.003562 recon=0.001474 kl=0.000997
[2026-02-22 20:21:41] [INFO] [Train][Epoch 30/30][Step 500] total=0.002507 fore=0.003550 recon=0.001463 kl=0.001037
[2026-02-22 20:21:43] [INFO] [Train][Epoch 30/30][Step 600] total=0.002498 fore=0.003528 recon=0.001466 kl=0.001092
[2026-02-22 20:21:44] [INFO] [Epoch 30/30] Train(total=0.002498, fore=0.003528, recon=0.001465, kl=0.001102) | Val(total=0.002046, fore=0.002669, recon=0.001418, kl=0.002819)
[2026-02-22 20:21:44] [INFO] 训练完成，共耗时 307.88s
[2026-02-22 20:21:44] [INFO] Checkpoint missing_keys: []
[2026-02-22 20:21:44] [INFO] Checkpoint unexpected_keys: []
[2026-02-22 20:21:44] [INFO] SAE score type: recon
[2026-02-22 20:21:50] [INFO] =========================** Result **============================
[2026-02-22 20:21:50] [INFO] SAE Score Type => recon
[2026-02-22 20:21:50] [INFO] Test Loss => total=0.107775, fore=0.213812, recon=0.001687, kl=0.025083
[2026-02-22 20:21:50] [INFO] ---
[2026-02-22 20:21:50] [INFO] [严格验证集阈值=97.337449] F1=0.6854 | P=0.7696 | R=0.6178
[2026-02-22 20:21:50] [INFO] ---
[2026-02-22 20:21:50] [INFO] [论文标准 Best-F1 阈值=103.614047] F1=0.7312 | P=0.9745 | R=0.5852  <-- 你的最终战力
[2026-02-22 20:21:50] [INFO] =================================================================
